  DoorReader.cpp
C:\Users\Boris\Documents\Repo\AI for Games\Assignment 1\DoorReader\DoorReader\DoorReader.h(21,27): warning C4251:  'DoorReader::doorType': class 'std::vector<int,std::allocator<_Ty>>' needs to have dll-interface to be used by clients of class 'DoorReader'
C:\Users\Boris\Documents\Repo\AI for Games\Assignment 1\DoorReader\DoorReader\DoorReader.h(21,27): warning C4251:         with
C:\Users\Boris\Documents\Repo\AI for Games\Assignment 1\DoorReader\DoorReader\DoorReader.h(21,27): warning C4251:         [
C:\Users\Boris\Documents\Repo\AI for Games\Assignment 1\DoorReader\DoorReader\DoorReader.h(21,27): warning C4251:             _Ty=int
C:\Users\Boris\Documents\Repo\AI for Games\Assignment 1\DoorReader\DoorReader\DoorReader.h(21,27): warning C4251:         ]
C:\Users\Boris\Documents\Repo\AI for Games\Assignment 1\DoorReader\DoorReader\DoorReader.h(21): message :  see declaration of 'std::vector<int,std::allocator<_Ty>>'
C:\Users\Boris\Documents\Repo\AI for Games\Assignment 1\DoorReader\DoorReader\DoorReader.h(21): message :         with
C:\Users\Boris\Documents\Repo\AI for Games\Assignment 1\DoorReader\DoorReader\DoorReader.h(21): message :         [
C:\Users\Boris\Documents\Repo\AI for Games\Assignment 1\DoorReader\DoorReader\DoorReader.h(21): message :             _Ty=int
C:\Users\Boris\Documents\Repo\AI for Games\Assignment 1\DoorReader\DoorReader\DoorReader.h(21): message :         ]
C:\Users\Boris\Documents\Repo\AI for Games\Assignment 1\DoorReader\DoorReader\DoorReader.h(22,31): warning C4251:  'DoorReader::col1': class 'std::vector<std::string,std::allocator<_Ty>>' needs to have dll-interface to be used by clients of class 'DoorReader'
C:\Users\Boris\Documents\Repo\AI for Games\Assignment 1\DoorReader\DoorReader\DoorReader.h(22,31): warning C4251:         with
C:\Users\Boris\Documents\Repo\AI for Games\Assignment 1\DoorReader\DoorReader\DoorReader.h(22,31): warning C4251:         [
C:\Users\Boris\Documents\Repo\AI for Games\Assignment 1\DoorReader\DoorReader\DoorReader.h(22,31): warning C4251:             _Ty=std::string
C:\Users\Boris\Documents\Repo\AI for Games\Assignment 1\DoorReader\DoorReader\DoorReader.h(22,31): warning C4251:         ]
C:\Users\Boris\Documents\Repo\AI for Games\Assignment 1\DoorReader\DoorReader\DoorReader.h(22): message :  see declaration of 'std::vector<std::string,std::allocator<_Ty>>'
C:\Users\Boris\Documents\Repo\AI for Games\Assignment 1\DoorReader\DoorReader\DoorReader.h(22): message :         with
C:\Users\Boris\Documents\Repo\AI for Games\Assignment 1\DoorReader\DoorReader\DoorReader.h(22): message :         [
C:\Users\Boris\Documents\Repo\AI for Games\Assignment 1\DoorReader\DoorReader\DoorReader.h(22): message :             _Ty=std::string
C:\Users\Boris\Documents\Repo\AI for Games\Assignment 1\DoorReader\DoorReader\DoorReader.h(22): message :         ]
C:\Users\Boris\Documents\Repo\AI for Games\Assignment 1\DoorReader\DoorReader\DoorReader.h(22,37): warning C4251:  'DoorReader::col2': class 'std::vector<std::string,std::allocator<_Ty>>' needs to have dll-interface to be used by clients of class 'DoorReader'
C:\Users\Boris\Documents\Repo\AI for Games\Assignment 1\DoorReader\DoorReader\DoorReader.h(22,37): warning C4251:         with
C:\Users\Boris\Documents\Repo\AI for Games\Assignment 1\DoorReader\DoorReader\DoorReader.h(22,37): warning C4251:         [
C:\Users\Boris\Documents\Repo\AI for Games\Assignment 1\DoorReader\DoorReader\DoorReader.h(22,37): warning C4251:             _Ty=std::string
C:\Users\Boris\Documents\Repo\AI for Games\Assignment 1\DoorReader\DoorReader\DoorReader.h(22,37): warning C4251:         ]
C:\Users\Boris\Documents\Repo\AI for Games\Assignment 1\DoorReader\DoorReader\DoorReader.h(22): message :  see declaration of 'std::vector<std::string,std::allocator<_Ty>>'
C:\Users\Boris\Documents\Repo\AI for Games\Assignment 1\DoorReader\DoorReader\DoorReader.h(22): message :         with
C:\Users\Boris\Documents\Repo\AI for Games\Assignment 1\DoorReader\DoorReader\DoorReader.h(22): message :         [
C:\Users\Boris\Documents\Repo\AI for Games\Assignment 1\DoorReader\DoorReader\DoorReader.h(22): message :             _Ty=std::string
C:\Users\Boris\Documents\Repo\AI for Games\Assignment 1\DoorReader\DoorReader\DoorReader.h(22): message :         ]
C:\Users\Boris\Documents\Repo\AI for Games\Assignment 1\DoorReader\DoorReader\DoorReader.h(22,43): warning C4251:  'DoorReader::col3': class 'std::vector<std::string,std::allocator<_Ty>>' needs to have dll-interface to be used by clients of class 'DoorReader'
C:\Users\Boris\Documents\Repo\AI for Games\Assignment 1\DoorReader\DoorReader\DoorReader.h(22,43): warning C4251:         with
C:\Users\Boris\Documents\Repo\AI for Games\Assignment 1\DoorReader\DoorReader\DoorReader.h(22,43): warning C4251:         [
C:\Users\Boris\Documents\Repo\AI for Games\Assignment 1\DoorReader\DoorReader\DoorReader.h(22,43): warning C4251:             _Ty=std::string
C:\Users\Boris\Documents\Repo\AI for Games\Assignment 1\DoorReader\DoorReader\DoorReader.h(22,43): warning C4251:         ]
C:\Users\Boris\Documents\Repo\AI for Games\Assignment 1\DoorReader\DoorReader\DoorReader.h(22): message :  see declaration of 'std::vector<std::string,std::allocator<_Ty>>'
C:\Users\Boris\Documents\Repo\AI for Games\Assignment 1\DoorReader\DoorReader\DoorReader.h(22): message :         with
C:\Users\Boris\Documents\Repo\AI for Games\Assignment 1\DoorReader\DoorReader\DoorReader.h(22): message :         [
C:\Users\Boris\Documents\Repo\AI for Games\Assignment 1\DoorReader\DoorReader\DoorReader.h(22): message :             _Ty=std::string
C:\Users\Boris\Documents\Repo\AI for Games\Assignment 1\DoorReader\DoorReader\DoorReader.h(22): message :         ]
C:\Users\Boris\Documents\Repo\AI for Games\Assignment 1\DoorReader\DoorReader\DoorReader.h(22,49): warning C4251:  'DoorReader::col4': class 'std::vector<std::string,std::allocator<_Ty>>' needs to have dll-interface to be used by clients of class 'DoorReader'
C:\Users\Boris\Documents\Repo\AI for Games\Assignment 1\DoorReader\DoorReader\DoorReader.h(22,49): warning C4251:         with
C:\Users\Boris\Documents\Repo\AI for Games\Assignment 1\DoorReader\DoorReader\DoorReader.h(22,49): warning C4251:         [
C:\Users\Boris\Documents\Repo\AI for Games\Assignment 1\DoorReader\DoorReader\DoorReader.h(22,49): warning C4251:             _Ty=std::string
C:\Users\Boris\Documents\Repo\AI for Games\Assignment 1\DoorReader\DoorReader\DoorReader.h(22,49): warning C4251:         ]
C:\Users\Boris\Documents\Repo\AI for Games\Assignment 1\DoorReader\DoorReader\DoorReader.h(22): message :  see declaration of 'std::vector<std::string,std::allocator<_Ty>>'
C:\Users\Boris\Documents\Repo\AI for Games\Assignment 1\DoorReader\DoorReader\DoorReader.h(22): message :         with
C:\Users\Boris\Documents\Repo\AI for Games\Assignment 1\DoorReader\DoorReader\DoorReader.h(22): message :         [
C:\Users\Boris\Documents\Repo\AI for Games\Assignment 1\DoorReader\DoorReader\DoorReader.h(22): message :             _Ty=std::string
C:\Users\Boris\Documents\Repo\AI for Games\Assignment 1\DoorReader\DoorReader\DoorReader.h(22): message :         ]
C:\Users\Boris\Documents\Repo\AI for Games\Assignment 1\DoorReader\DoorReader\DoorReader.h(23,38): warning C4251:  'DoorReader::probability': class 'std::vector<std::string,std::allocator<_Ty>>' needs to have dll-interface to be used by clients of class 'DoorReader'
C:\Users\Boris\Documents\Repo\AI for Games\Assignment 1\DoorReader\DoorReader\DoorReader.h(23,38): warning C4251:         with
C:\Users\Boris\Documents\Repo\AI for Games\Assignment 1\DoorReader\DoorReader\DoorReader.h(23,38): warning C4251:         [
C:\Users\Boris\Documents\Repo\AI for Games\Assignment 1\DoorReader\DoorReader\DoorReader.h(23,38): warning C4251:             _Ty=std::string
C:\Users\Boris\Documents\Repo\AI for Games\Assignment 1\DoorReader\DoorReader\DoorReader.h(23,38): warning C4251:         ]
C:\Users\Boris\Documents\Repo\AI for Games\Assignment 1\DoorReader\DoorReader\DoorReader.h(22): message :  see declaration of 'std::vector<std::string,std::allocator<_Ty>>'
C:\Users\Boris\Documents\Repo\AI for Games\Assignment 1\DoorReader\DoorReader\DoorReader.h(22): message :         with
C:\Users\Boris\Documents\Repo\AI for Games\Assignment 1\DoorReader\DoorReader\DoorReader.h(22): message :         [
C:\Users\Boris\Documents\Repo\AI for Games\Assignment 1\DoorReader\DoorReader\DoorReader.h(22): message :             _Ty=std::string
C:\Users\Boris\Documents\Repo\AI for Games\Assignment 1\DoorReader\DoorReader\DoorReader.h(22): message :         ]
C:\Users\Boris\Documents\Repo\AI for Games\Assignment 1\DoorReader\DoorReader\DoorReader.cpp(36,12): warning C4244:  'argument': conversion from 'time_t' to 'unsigned int', possible loss of data
C:\Users\Boris\Documents\Repo\AI for Games\Assignment 1\DoorReader\DoorReader\DoorReader.cpp(123,13): warning C4244:  'initializing': conversion from 'float' to 'int', possible loss of data
C:\Users\Boris\Documents\Repo\AI for Games\Assignment 1\DoorReader\DoorReader\DoorReader.cpp(133,13): warning C4244:  'initializing': conversion from 'float' to 'int', possible loss of data
C:\Users\Boris\Documents\Repo\AI for Games\Assignment 1\DoorReader\DoorReader\DoorReader.cpp(143,13): warning C4244:  'initializing': conversion from 'float' to 'int', possible loss of data
C:\Users\Boris\Documents\Repo\AI for Games\Assignment 1\DoorReader\DoorReader\DoorReader.cpp(153,13): warning C4244:  'initializing': conversion from 'float' to 'int', possible loss of data
C:\Users\Boris\Documents\Repo\AI for Games\Assignment 1\DoorReader\DoorReader\DoorReader.cpp(163,13): warning C4244:  'initializing': conversion from 'float' to 'int', possible loss of data
C:\Users\Boris\Documents\Repo\AI for Games\Assignment 1\DoorReader\DoorReader\DoorReader.cpp(173,13): warning C4244:  'initializing': conversion from 'float' to 'int', possible loss of data
C:\Users\Boris\Documents\Repo\AI for Games\Assignment 1\DoorReader\DoorReader\DoorReader.cpp(183,13): warning C4244:  'initializing': conversion from 'float' to 'int', possible loss of data
C:\Users\Boris\Documents\Repo\AI for Games\Assignment 1\DoorReader\DoorReader\DoorReader.cpp(193,13): warning C4244:  'initializing': conversion from 'float' to 'int', possible loss of data
     Creating library C:\Users\Boris\Documents\Repo\AI for Games\Assignment 1\DoorReader\x64\Release\DoorReader.lib and object C:\Users\Boris\Documents\Repo\AI for Games\Assignment 1\DoorReader\x64\Release\DoorReader.exp
  Generating code
  2 of 355 functions ( 0.6%) were compiled, the rest were copied from previous compilation.
    0 functions were new in current compilation
    0 functions had inline decision re-evaluated but remain unchanged
  Finished generating code
  DoorReader.vcxproj -> C:\Users\Boris\Documents\Repo\AI for Games\Assignment 1\DoorReader\x64\Release\DoorReader.dll
